0:0:0:0:0:0:0:1 - - [28/八月/2023:17:05:20 +0800] "GET /resfood/findById/2 HTTP/1.1" 200 140 1353
0:0:0:0:0:0:0:1 - - [28/八月/2023:17:05:30 +0800] "GET /resfood/findById/2 HTTP/1.1" 200 140 12
0:0:0:0:0:0:0:1 - - [28/八月/2023:17:14:34 +0800] "GET /resfood/findById/2 HTTP/1.1" 200 140 235
0:0:0:0:0:0:0:1 - - [29/八月/2023:16:05:19 +0800] "OPTIONS /resfood/findByPage?pageno=1&pagesize=5&sortby=fid&sort=asc HTTP/1.1" 403 0 475
0:0:0:0:0:0:0:1 - - [29/八月/2023:16:05:35 +0800] "OPTIONS /resfood/findByPage?pageno=1&pagesize=5&sortby=fid&sort=asc HTTP/1.1" 403 0 4
0:0:0:0:0:0:0:1 - - [29/八月/2023:16:09:29 +0800] "OPTIONS /resfood/findByPage?pageno=1&pagesize=5&sortby=fid&sort=asc HTTP/1.1" 403 0 5
0:0:0:0:0:0:0:1 - - [29/八月/2023:16:12:45 +0800] "OPTIONS /resfood/findByPage?pageno=1&pagesize=5&sortby=fid&sort=asc HTTP/1.1" 403 0 4
0:0:0:0:0:0:0:1 - - [29/八月/2023:16:13:03 +0800] "OPTIONS /resfood/findByPage?pageno=1&pagesize=5&sortby=fid&sort=asc HTTP/1.1" 403 0 3
0:0:0:0:0:0:0:1 - - [29/八月/2023:16:13:28 +0800] "OPTIONS /resfood/findByPage?pageno=1&pagesize=5&sortby=fid&sort=asc HTTP/1.1" 403 0 4
0:0:0:0:0:0:0:1 - - [29/八月/2023:16:13:54 +0800] "OPTIONS /resfood/findByPage?pageno=1&pagesize=5&sortby=fid&sort=asc HTTP/1.1" 403 0 4
0:0:0:0:0:0:0:1 - - [29/八月/2023:16:14:20 +0800] "OPTIONS /resfood/findByPage?pageno=1&pagesize=5&sortby=fid&sort=asc HTTP/1.1" 403 0 4
0:0:0:0:0:0:0:1 - - [29/八月/2023:16:15:17 +0800] "OPTIONS /resfood/findByPage?pageno=1&pagesize=5&sortby=fid&sort=asc HTTP/1.1" 403 0 4
0:0:0:0:0:0:0:1 - - [29/八月/2023:16:16:18 +0800] "GET /resfood/findByPage?pageno=1&pagesize=5&sortby=fid&sort=asc HTTP/1.1" 500 295 60
0:0:0:0:0:0:0:1 - - [29/八月/2023:16:16:26 +0800] "GET /resfood/findByPage?pageno=1&pagesize=5&sortby=fid&sort=asc HTTP/1.1" 500 295 8
0:0:0:0:0:0:0:1 - - [29/八月/2023:16:20:04 +0800] "GET /resfood/findByPage?pageno=1&pagesize=5&sortby=fid&sort=asc HTTP/1.1" 200 755 551
0:0:0:0:0:0:0:1 - - [29/八月/2023:16:20:25 +0800] "OPTIONS /resfood/findByPage?pageno=1&pagesize=5&sortby=fid&sort=asc HTTP/1.1" 200 0 6
0:0:0:0:0:0:0:1 - - [29/八月/2023:16:20:25 +0800] "GET /resfood/findByPage?pageno=1&pagesize=5&sortby=fid&sort=asc HTTP/1.1" 200 755 35
0:0:0:0:0:0:0:1 - - [29/八月/2023:16:21:05 +0800] "OPTIONS /resfood/findByPage?pageno=2&pagesize=5&sortby=fid&sort=asc HTTP/1.1" 200 0 1
0:0:0:0:0:0:0:1 - - [29/八月/2023:16:21:05 +0800] "GET /resfood/findByPage?pageno=2&pagesize=5&sortby=fid&sort=asc HTTP/1.1" 200 743 19
0:0:0:0:0:0:0:1 - - [29/八月/2023:16:21:10 +0800] "OPTIONS /resfood/findByPage?pageno=1&pagesize=5&sortby=fid&sort=asc HTTP/1.1" 200 0 2
0:0:0:0:0:0:0:1 - - [29/八月/2023:16:21:10 +0800] "GET /resfood/findByPage?pageno=1&pagesize=5&sortby=fid&sort=asc HTTP/1.1" 200 755 19
0:0:0:0:0:0:0:1 - - [29/八月/2023:16:21:11 +0800] "OPTIONS /resfood/findByPage?pageno=2&pagesize=5&sortby=fid&sort=asc HTTP/1.1" 200 0 2
0:0:0:0:0:0:0:1 - - [29/八月/2023:16:21:11 +0800] "GET /resfood/findByPage?pageno=2&pagesize=5&sortby=fid&sort=asc HTTP/1.1" 200 743 15
0:0:0:0:0:0:0:1 - - [29/八月/2023:16:21:13 +0800] "OPTIONS /resfood/findByPage?pageno=3&pagesize=5&sortby=fid&sort=asc HTTP/1.1" 200 0 1
0:0:0:0:0:0:0:1 - - [29/八月/2023:16:21:13 +0800] "GET /resfood/findByPage?pageno=3&pagesize=5&sortby=fid&sort=asc HTTP/1.1" 200 373 15
0:0:0:0:0:0:0:1 - - [29/八月/2023:16:21:17 +0800] "OPTIONS /resfood/findByPage?pageno=1&pagesize=5&sortby=fid&sort=asc HTTP/1.1" 200 0 1
0:0:0:0:0:0:0:1 - - [29/八月/2023:16:21:17 +0800] "GET /resfood/findByPage?pageno=1&pagesize=5&sortby=fid&sort=asc HTTP/1.1" 200 755 19
0:0:0:0:0:0:0:1 - - [29/八月/2023:16:21:18 +0800] "OPTIONS /resfood/findByPage?pageno=3&pagesize=5&sortby=fid&sort=asc HTTP/1.1" 200 0 1
0:0:0:0:0:0:0:1 - - [29/八月/2023:16:21:18 +0800] "GET /resfood/findByPage?pageno=3&pagesize=5&sortby=fid&sort=asc HTTP/1.1" 200 373 16
0:0:0:0:0:0:0:1 - - [29/八月/2023:16:21:19 +0800] "GET /resfood/findByPage?pageno=1&pagesize=5&sortby=fid&sort=asc HTTP/1.1" 200 755 16
0:0:0:0:0:0:0:1 - - [29/八月/2023:16:25:36 +0800] "GET /cart/addCart?fid=3&num=1 HTTP/1.1" 500 6444 52
0:0:0:0:0:0:0:1 - - [29/八月/2023:16:25:49 +0800] "GET /resfood/findById/2 HTTP/1.1" 200 140 27
0:0:0:0:0:0:0:1 - - [29/八月/2023:16:29:53 +0800] "GET /resfood/findById/2 HTTP/1.1" 200 140 470
0:0:0:0:0:0:0:1 - - [29/八月/2023:16:30:18 +0800] "OPTIONS /resfood/findByPage?pageno=1&pagesize=5&sortby=fid&sort=asc HTTP/1.1" 200 0 8
0:0:0:0:0:0:0:1 - - [29/八月/2023:16:30:18 +0800] "GET /resfood/findByPage?pageno=1&pagesize=5&sortby=fid&sort=asc HTTP/1.1" 200 755 180
0:0:0:0:0:0:0:1 - - [29/八月/2023:16:30:22 +0800] "OPTIONS /resfood/cart.addCart HTTP/1.1" 200 0 2
0:0:0:0:0:0:0:1 - - [29/八月/2023:16:30:22 +0800] "POST /resfood/cart.addCart HTTP/1.1" 404 142 27
0:0:0:0:0:0:0:1 - - [29/八月/2023:16:32:05 +0800] "OPTIONS /ressecurity/resfood/resuser.action HTTP/1.1" 200 0 3
0:0:0:0:0:0:0:1 - - [29/八月/2023:16:32:05 +0800] "POST /ressecurity/resfood/resuser.action HTTP/1.1" 500 160 22
0:0:0:0:0:0:0:1 - - [29/八月/2023:16:32:07 +0800] "POST /ressecurity/resfood/resuser.action HTTP/1.1" 500 160 5
0:0:0:0:0:0:0:1 - - [29/八月/2023:16:32:36 +0800] "POST /ressecurity/resfood/resuser.action?username=a&pwd=a HTTP/1.1" 500 160 4
0:0:0:0:0:0:0:1 - - [29/八月/2023:16:34:06 +0800] "POST /ressecurity/resuser.action?username=a&pwd=a HTTP/1.1" 500 153 6
0:0:0:0:0:0:0:1 - - [29/八月/2023:16:36:34 +0800] "POST /ressecurity/resuser.action?username=a&pwd=a HTTP/1.1" 500 153 5
0:0:0:0:0:0:0:1 - - [29/八月/2023:16:38:00 +0800] "OPTIONS /resfood/findByPage?pageno=1&pagesize=5&sortby=fid&sort=asc HTTP/1.1" 200 0 204
0:0:0:0:0:0:0:1 - - [29/八月/2023:16:38:00 +0800] "GET /resfood/findByPage?pageno=1&pagesize=5&sortby=fid&sort=asc HTTP/1.1" 200 755 266
0:0:0:0:0:0:0:1 - - [29/八月/2023:16:38:05 +0800] "POST /ressecurity/resuser.action?username=a&pwd=a HTTP/1.1" 401 0 40
0:0:0:0:0:0:0:1 - - [29/八月/2023:16:38:13 +0800] "POST /ressecurity/resfood/resuser.action?username=a&pwd=a HTTP/1.1" 200 307 94
0:0:0:0:0:0:0:1 - - [29/八月/2023:16:39:10 +0800] "OPTIONS /ressecurity/resfood/resuser.action HTTP/1.1" 200 0 2
0:0:0:0:0:0:0:1 - - [29/八月/2023:16:39:10 +0800] "POST /ressecurity/resfood/resuser.action HTTP/1.1" 200 307 107
0:0:0:0:0:0:0:1 - - [29/八月/2023:16:39:17 +0800] "OPTIONS /resfood/cart.addCart HTTP/1.1" 200 0 3
0:0:0:0:0:0:0:1 - - [29/八月/2023:16:39:17 +0800] "POST /resfood/cart.addCart HTTP/1.1" 404 142 17
0:0:0:0:0:0:0:1 - - [29/八月/2023:16:39:24 +0800] "OPTIONS /resfood/findByPage?pageno=1&pagesize=5&sortby=fid&sort=asc HTTP/1.1" 200 0 2
0:0:0:0:0:0:0:1 - - [29/八月/2023:16:39:24 +0800] "GET /resfood/findByPage?pageno=1&pagesize=5&sortby=fid&sort=asc HTTP/1.1" 200 755 27
0:0:0:0:0:0:0:1 - - [29/八月/2023:16:39:32 +0800] "OPTIONS /resfood/cart.addCart HTTP/1.1" 200 0 4
0:0:0:0:0:0:0:1 - - [29/八月/2023:16:39:32 +0800] "POST /resfood/cart.addCart HTTP/1.1" 404 142 28
0:0:0:0:0:0:0:1 - - [29/八月/2023:16:52:47 +0800] "GET /cart/addCart?fid=3&num=1 HTTP/1.1" 200 178 107
0:0:0:0:0:0:0:1 - - [29/八月/2023:16:55:42 +0800] "OPTIONS /resfood/findByPage?pageno=1&pagesize=5&sortby=fid&sort=asc HTTP/1.1" 200 0 4
0:0:0:0:0:0:0:1 - - [29/八月/2023:16:55:42 +0800] "GET /resfood/findByPage?pageno=1&pagesize=5&sortby=fid&sort=asc HTTP/1.1" 200 755 38
0:0:0:0:0:0:0:1 - - [29/八月/2023:16:55:52 +0800] "OPTIONS /resfood/addCart?fid=1&num=1 HTTP/1.1" 200 0 3
0:0:0:0:0:0:0:1 - - [29/八月/2023:16:55:52 +0800] "POST /resfood/addCart?fid=1&num=1 HTTP/1.1" 404 137 14
0:0:0:0:0:0:0:1 - - [29/八月/2023:16:57:17 +0800] "OPTIONS /resfood/findByPage?pageno=1&pagesize=5&sortby=fid&sort=asc HTTP/1.1" 200 0 2
0:0:0:0:0:0:0:1 - - [29/八月/2023:16:57:17 +0800] "GET /resfood/findByPage?pageno=1&pagesize=5&sortby=fid&sort=asc HTTP/1.1" 200 755 41
0:0:0:0:0:0:0:1 - - [29/八月/2023:16:57:20 +0800] "OPTIONS /cart/addCart?fid=1&num=1 HTTP/1.1" 200 0 1
0:0:0:0:0:0:0:1 - - [29/八月/2023:16:57:20 +0800] "POST /cart/addCart?fid=1&num=1 HTTP/1.1" 405 4961 26
0:0:0:0:0:0:0:1 - - [29/八月/2023:16:57:43 +0800] "OPTIONS /resfood/findByPage?pageno=1&pagesize=5&sortby=fid&sort=asc HTTP/1.1" 200 0 3
0:0:0:0:0:0:0:1 - - [29/八月/2023:16:57:43 +0800] "GET /resfood/findByPage?pageno=1&pagesize=5&sortby=fid&sort=asc HTTP/1.1" 200 755 26
0:0:0:0:0:0:0:1 - - [29/八月/2023:16:57:46 +0800] "OPTIONS /cart/addCart?fid=1&num=1 HTTP/1.1" 200 0 2
0:0:0:0:0:0:0:1 - - [29/八月/2023:16:57:46 +0800] "GET /cart/addCart?fid=1&num=1 HTTP/1.1" 200 184 39
0:0:0:0:0:0:0:1 - - [29/八月/2023:16:58:06 +0800] "OPTIONS /resfood/findByPage?pageno=1&pagesize=5&sortby=fid&sort=asc HTTP/1.1" 200 0 4
0:0:0:0:0:0:0:1 - - [29/八月/2023:16:58:06 +0800] "GET /resfood/findByPage?pageno=1&pagesize=5&sortby=fid&sort=asc HTTP/1.1" 200 755 27
0:0:0:0:0:0:0:1 - - [29/八月/2023:16:58:26 +0800] "OPTIONS /cart/addCart?fid=2&num=1 HTTP/1.1" 200 0 2
0:0:0:0:0:0:0:1 - - [29/八月/2023:16:58:26 +0800] "GET /cart/addCart?fid=2&num=1 HTTP/1.1" 200 343 32
0:0:0:0:0:0:0:1 - - [29/八月/2023:16:58:57 +0800] "OPTIONS /ressecurity/resfood/resuser.action HTTP/1.1" 200 0 2
0:0:0:0:0:0:0:1 - - [29/八月/2023:16:58:57 +0800] "POST /ressecurity/resfood/resuser.action HTTP/1.1" 200 307 131
0:0:0:0:0:0:0:1 - - [29/八月/2023:16:59:00 +0800] "OPTIONS /cart/addCart?fid=2&num=1 HTTP/1.1" 200 0 1
0:0:0:0:0:0:0:1 - - [29/八月/2023:16:59:00 +0800] "GET /cart/addCart?fid=2&num=1 HTTP/1.1" 200 178 27
0:0:0:0:0:0:0:1 - - [29/八月/2023:16:59:14 +0800] "OPTIONS /ressecurity/logout HTTP/1.1" 200 0 2
0:0:0:0:0:0:0:1 - - [29/八月/2023:16:59:14 +0800] "POST /ressecurity/logout HTTP/1.1" 404 140 32
0:0:0:0:0:0:0:1 - - [29/八月/2023:17:02:00 +0800] "OPTIONS /resfood/findByPage?pageno=1&pagesize=5&sortby=fid&sort=asc HTTP/1.1" 200 0 3
0:0:0:0:0:0:0:1 - - [29/八月/2023:17:02:00 +0800] "GET /resfood/findByPage?pageno=1&pagesize=5&sortby=fid&sort=asc HTTP/1.1" 200 755 29
0:0:0:0:0:0:0:1 - - [29/八月/2023:17:02:14 +0800] "OPTIONS /cart/addCart?fid=4&num=1 HTTP/1.1" 200 0 1
0:0:0:0:0:0:0:1 - - [29/八月/2023:17:02:15 +0800] "GET /cart/addCart?fid=4&num=1 HTTP/1.1" 200 334 29
0:0:0:0:0:0:0:1 - - [29/八月/2023:17:02:22 +0800] "OPTIONS /resfood/findByPage?pageno=1&pagesize=5&sortby=fid&sort=asc HTTP/1.1" 200 0 2
0:0:0:0:0:0:0:1 - - [29/八月/2023:17:02:22 +0800] "GET /resfood/findByPage?pageno=1&pagesize=5&sortby=fid&sort=asc HTTP/1.1" 200 755 22
0:0:0:0:0:0:0:1 - - [29/八月/2023:17:02:43 +0800] "OPTIONS /ressecurity/resfood/resuser.action HTTP/1.1" 200 0 1
0:0:0:0:0:0:0:1 - - [29/八月/2023:17:02:43 +0800] "POST /ressecurity/resfood/resuser.action HTTP/1.1" 200 307 121
0:0:0:0:0:0:0:1 - - [29/八月/2023:17:02:55 +0800] "OPTIONS /cart/addCart?fid=5&num=1 HTTP/1.1" 200 0 1
0:0:0:0:0:0:0:1 - - [29/八月/2023:17:02:55 +0800] "GET /cart/addCart?fid=5&num=1 HTTP/1.1" 200 184 33
0:0:0:0:0:0:0:1 - - [29/八月/2023:17:03:41 +0800] "OPTIONS /resfood/findByPage?pageno=1&pagesize=5&sortby=fid&sort=asc HTTP/1.1" 200 0 4
0:0:0:0:0:0:0:1 - - [29/八月/2023:17:03:41 +0800] "GET /resfood/findByPage?pageno=1&pagesize=5&sortby=fid&sort=asc HTTP/1.1" 200 755 25
0:0:0:0:0:0:0:1 - - [29/八月/2023:17:03:45 +0800] "OPTIONS /ressecurity/resfood/resuser.action HTTP/1.1" 200 0 2
0:0:0:0:0:0:0:1 - - [29/八月/2023:17:03:45 +0800] "POST /ressecurity/resfood/resuser.action HTTP/1.1" 200 307 111
0:0:0:0:0:0:0:1 - - [29/八月/2023:17:05:29 +0800] "OPTIONS /resfood/findByPage?pageno=1&pagesize=5&sortby=fid&sort=asc HTTP/1.1" 200 0 2
0:0:0:0:0:0:0:1 - - [29/八月/2023:17:05:29 +0800] "GET /resfood/findByPage?pageno=1&pagesize=5&sortby=fid&sort=asc HTTP/1.1" 200 755 25
0:0:0:0:0:0:0:1 - - [29/八月/2023:17:05:37 +0800] "OPTIONS /ressecurity/resfood/resuser.action HTTP/1.1" 200 0 1
0:0:0:0:0:0:0:1 - - [29/八月/2023:17:05:37 +0800] "POST /ressecurity/resfood/resuser.action HTTP/1.1" 200 307 97
0:0:0:0:0:0:0:1 - - [29/八月/2023:17:05:52 +0800] "OPTIONS /resfood/findByPage?pageno=1&pagesize=5&sortby=fid&sort=asc HTTP/1.1" 200 0 2
0:0:0:0:0:0:0:1 - - [29/八月/2023:17:05:52 +0800] "GET /resfood/findByPage?pageno=1&pagesize=5&sortby=fid&sort=asc HTTP/1.1" 200 755 15
0:0:0:0:0:0:0:1 - - [29/八月/2023:17:05:56 +0800] "OPTIONS /ressecurity/resfood/resuser.action HTTP/1.1" 200 0 1
0:0:0:0:0:0:0:1 - - [29/八月/2023:17:05:56 +0800] "POST /ressecurity/resfood/resuser.action HTTP/1.1" 200 307 88
0:0:0:0:0:0:0:1 - - [29/八月/2023:17:05:57 +0800] "OPTIONS /cart/addCart?fid=2&num=1 HTTP/1.1" 200 0 1
0:0:0:0:0:0:0:1 - - [29/八月/2023:17:05:57 +0800] "GET /cart/addCart?fid=2&num=1 HTTP/1.1" 200 178 28
0:0:0:0:0:0:0:1 - - [29/八月/2023:17:06:49 +0800] "OPTIONS /resfood/findByPage?pageno=1&pagesize=5&sortby=fid&sort=asc HTTP/1.1" 200 0 2
0:0:0:0:0:0:0:1 - - [29/八月/2023:17:06:49 +0800] "GET /resfood/findByPage?pageno=1&pagesize=5&sortby=fid&sort=asc HTTP/1.1" 200 755 18
0:0:0:0:0:0:0:1 - - [29/八月/2023:17:06:52 +0800] "OPTIONS /ressecurity/resfood/resuser.action HTTP/1.1" 200 0 1
0:0:0:0:0:0:0:1 - - [29/八月/2023:17:06:52 +0800] "POST /ressecurity/resfood/resuser.action HTTP/1.1" 200 307 91
0:0:0:0:0:0:0:1 - - [29/八月/2023:17:06:53 +0800] "OPTIONS /cart/addCart?fid=2&num=1 HTTP/1.1" 200 0 2
0:0:0:0:0:0:0:1 - - [29/八月/2023:17:06:53 +0800] "GET /cart/addCart?fid=2&num=1 HTTP/1.1" 200 178 29
0:0:0:0:0:0:0:1 - - [29/八月/2023:17:07:07 +0800] "OPTIONS /resfood/findByPage?pageno=1&pagesize=5&sortby=fid&sort=asc HTTP/1.1" 200 0 2
0:0:0:0:0:0:0:1 - - [29/八月/2023:17:07:07 +0800] "GET /resfood/findByPage?pageno=1&pagesize=5&sortby=fid&sort=asc HTTP/1.1" 200 755 16
0:0:0:0:0:0:0:1 - - [29/八月/2023:17:07:30 +0800] "OPTIONS /resfood/findByPage?pageno=1&pagesize=5&sortby=fid&sort=asc HTTP/1.1" 200 0 2
0:0:0:0:0:0:0:1 - - [29/八月/2023:17:07:30 +0800] "GET /resfood/findByPage?pageno=1&pagesize=5&sortby=fid&sort=asc HTTP/1.1" 200 755 18
0:0:0:0:0:0:0:1 - - [29/八月/2023:17:09:05 +0800] "OPTIONS /cart/addCart?fid=2&num=1 HTTP/1.1" 200 0 1
0:0:0:0:0:0:0:1 - - [29/八月/2023:17:09:05 +0800] "GET /cart/addCart?fid=2&num=1 HTTP/1.1" 200 178 34
0:0:0:0:0:0:0:1 - - [29/八月/2023:17:09:11 +0800] "OPTIONS /ressecurity/resfood/resuser.action HTTP/1.1" 200 0 1
0:0:0:0:0:0:0:1 - - [29/八月/2023:17:09:11 +0800] "POST /ressecurity/resfood/resuser.action HTTP/1.1" 200 307 99
0:0:0:0:0:0:0:1 - - [29/八月/2023:17:09:15 +0800] "OPTIONS /cart/addCart?fid=1&num=1 HTTP/1.1" 200 0 1
0:0:0:0:0:0:0:1 - - [29/八月/2023:17:09:15 +0800] "GET /cart/addCart?fid=1&num=1 HTTP/1.1" 200 184 24
0:0:0:0:0:0:0:1 - - [29/八月/2023:17:09:16 +0800] "GET /cart/addCart?fid=1&num=1 HTTP/1.1" 200 184 26
0:0:0:0:0:0:0:1 - - [29/八月/2023:17:09:16 +0800] "GET /cart/addCart?fid=1&num=1 HTTP/1.1" 200 184 26
0:0:0:0:0:0:0:1 - - [29/八月/2023:17:09:17 +0800] "GET /cart/addCart?fid=1&num=1 HTTP/1.1" 200 184 27
0:0:0:0:0:0:0:1 - - [29/八月/2023:17:12:08 +0800] "OPTIONS /resfood/findByPage?pageno=1&pagesize=5&sortby=fid&sort=asc HTTP/1.1" 200 0 2
0:0:0:0:0:0:0:1 - - [29/八月/2023:17:12:08 +0800] "GET /resfood/findByPage?pageno=1&pagesize=5&sortby=fid&sort=asc HTTP/1.1" 200 755 29
0:0:0:0:0:0:0:1 - - [29/八月/2023:17:12:20 +0800] "OPTIONS /resfood/findByPage?pageno=1&pagesize=5&sortby=fid&sort=asc HTTP/1.1" 200 0 1
0:0:0:0:0:0:0:1 - - [29/八月/2023:17:12:20 +0800] "GET /resfood/findByPage?pageno=1&pagesize=5&sortby=fid&sort=asc HTTP/1.1" 200 755 18
0:0:0:0:0:0:0:1 - - [29/八月/2023:17:13:37 +0800] "OPTIONS /ressecurity/resfood/resuser.action HTTP/1.1" 200 0 2
0:0:0:0:0:0:0:1 - - [29/八月/2023:17:13:37 +0800] "POST /ressecurity/resfood/resuser.action HTTP/1.1" 200 307 99
0:0:0:0:0:0:0:1 - - [29/八月/2023:17:13:39 +0800] "OPTIONS /cart/addCart?fid=3&num=1 HTTP/1.1" 200 0 1
0:0:0:0:0:0:0:1 - - [29/八月/2023:17:13:39 +0800] "GET /cart/addCart?fid=3&num=1 HTTP/1.1" 200 178 30
0:0:0:0:0:0:0:1 - - [29/八月/2023:17:15:36 +0800] "OPTIONS /resfood/findByPage?pageno=1&pagesize=5&sortby=fid&sort=asc HTTP/1.1" 200 0 2
0:0:0:0:0:0:0:1 - - [29/八月/2023:17:15:36 +0800] "GET /resfood/findByPage?pageno=1&pagesize=5&sortby=fid&sort=asc HTTP/1.1" 200 755 26
0:0:0:0:0:0:0:1 - - [29/八月/2023:17:15:42 +0800] "OPTIONS /ressecurity/resfood/resuser.action HTTP/1.1" 200 0 2
0:0:0:0:0:0:0:1 - - [29/八月/2023:17:15:42 +0800] "POST /ressecurity/resfood/resuser.action HTTP/1.1" 200 307 99
0:0:0:0:0:0:0:1 - - [29/八月/2023:17:15:44 +0800] "OPTIONS /cart/addCart?fid=3&num=1 HTTP/1.1" 200 0 2
0:0:0:0:0:0:0:1 - - [29/八月/2023:17:15:44 +0800] "GET /cart/addCart?fid=3&num=1 HTTP/1.1" 200 178 28
0:0:0:0:0:0:0:1 - - [29/八月/2023:17:16:21 +0800] "OPTIONS /resfood/findByPage?pageno=1&pagesize=5&sortby=fid&sort=asc HTTP/1.1" 200 0 2
0:0:0:0:0:0:0:1 - - [29/八月/2023:17:16:21 +0800] "GET /resfood/findByPage?pageno=1&pagesize=5&sortby=fid&sort=asc HTTP/1.1" 200 755 19
0:0:0:0:0:0:0:1 - - [29/八月/2023:17:16:22 +0800] "OPTIONS /ressecurity/resfood/resuser.action HTTP/1.1" 200 0 1
0:0:0:0:0:0:0:1 - - [29/八月/2023:17:16:22 +0800] "POST /ressecurity/resfood/resuser.action HTTP/1.1" 200 307 91
0:0:0:0:0:0:0:1 - - [29/八月/2023:17:16:25 +0800] "OPTIONS /cart/addCart?fid=4&num=1 HTTP/1.1" 200 0 1
0:0:0:0:0:0:0:1 - - [29/八月/2023:17:16:25 +0800] "GET /cart/addCart?fid=4&num=1 HTTP/1.1" 200 175 25
0:0:0:0:0:0:0:1 - - [29/八月/2023:17:17:05 +0800] "OPTIONS /resfood/findByPage?pageno=1&pagesize=5&sortby=fid&sort=asc HTTP/1.1" 200 0 2
0:0:0:0:0:0:0:1 - - [29/八月/2023:17:17:05 +0800] "GET /resfood/findByPage?pageno=1&pagesize=5&sortby=fid&sort=asc HTTP/1.1" 200 755 17
0:0:0:0:0:0:0:1 - - [29/八月/2023:17:17:06 +0800] "OPTIONS /ressecurity/resfood/resuser.action HTTP/1.1" 200 0 2
0:0:0:0:0:0:0:1 - - [29/八月/2023:17:17:06 +0800] "POST /ressecurity/resfood/resuser.action HTTP/1.1" 200 307 90
0:0:0:0:0:0:0:1 - - [29/八月/2023:17:17:08 +0800] "OPTIONS /cart/addCart?fid=3&num=1 HTTP/1.1" 200 0 1
0:0:0:0:0:0:0:1 - - [29/八月/2023:17:17:08 +0800] "GET /cart/addCart?fid=3&num=1 HTTP/1.1" 200 178 23
0:0:0:0:0:0:0:1 - - [29/八月/2023:17:17:51 +0800] "OPTIONS /resfood/findByPage?pageno=1&pagesize=5&sortby=fid&sort=asc HTTP/1.1" 200 0 3
0:0:0:0:0:0:0:1 - - [29/八月/2023:17:17:51 +0800] "GET /resfood/findByPage?pageno=1&pagesize=5&sortby=fid&sort=asc HTTP/1.1" 200 755 16
0:0:0:0:0:0:0:1 - - [29/八月/2023:17:17:53 +0800] "OPTIONS /ressecurity/resfood/resuser.action HTTP/1.1" 200 0 1
0:0:0:0:0:0:0:1 - - [29/八月/2023:17:17:53 +0800] "POST /ressecurity/resfood/resuser.action HTTP/1.1" 200 307 91
0:0:0:0:0:0:0:1 - - [29/八月/2023:17:17:54 +0800] "OPTIONS /cart/addCart?fid=4&num=1 HTTP/1.1" 200 0 1
0:0:0:0:0:0:0:1 - - [29/八月/2023:17:17:54 +0800] "GET /cart/addCart?fid=4&num=1 HTTP/1.1" 200 175 21
0:0:0:0:0:0:0:1 - - [29/八月/2023:17:18:02 +0800] "OPTIONS /resfood/findByPage?pageno=1&pagesize=5&sortby=fid&sort=asc HTTP/1.1" 200 0 4
0:0:0:0:0:0:0:1 - - [29/八月/2023:17:18:03 +0800] "GET /resfood/findByPage?pageno=1&pagesize=5&sortby=fid&sort=asc HTTP/1.1" 200 755 15
0:0:0:0:0:0:0:1 - - [29/八月/2023:17:18:04 +0800] "OPTIONS /ressecurity/resfood/resuser.action HTTP/1.1" 200 0 1
0:0:0:0:0:0:0:1 - - [29/八月/2023:17:18:04 +0800] "POST /ressecurity/resfood/resuser.action HTTP/1.1" 200 307 91
0:0:0:0:0:0:0:1 - - [29/八月/2023:17:18:05 +0800] "OPTIONS /cart/addCart?fid=2&num=1 HTTP/1.1" 200 0 1
0:0:0:0:0:0:0:1 - - [29/八月/2023:17:18:05 +0800] "GET /cart/addCart?fid=2&num=1 HTTP/1.1" 200 178 21
0:0:0:0:0:0:0:1 - - [29/八月/2023:17:21:20 +0800] "OPTIONS /resfood/findByPage?pageno=1&pagesize=5&sortby=fid&sort=asc HTTP/1.1" 200 0 2
0:0:0:0:0:0:0:1 - - [29/八月/2023:17:21:20 +0800] "GET /resfood/findByPage?pageno=1&pagesize=5&sortby=fid&sort=asc HTTP/1.1" 200 755 29
0:0:0:0:0:0:0:1 - - [29/八月/2023:17:21:22 +0800] "OPTIONS /ressecurity/resfood/resuser.action HTTP/1.1" 200 0 1
0:0:0:0:0:0:0:1 - - [29/八月/2023:17:21:22 +0800] "POST /ressecurity/resfood/resuser.action HTTP/1.1" 200 307 115
0:0:0:0:0:0:0:1 - - [29/八月/2023:17:21:24 +0800] "OPTIONS /cart/addCart?fid=2&num=1 HTTP/1.1" 200 0 1
0:0:0:0:0:0:0:1 - - [29/八月/2023:17:21:24 +0800] "GET /cart/addCart?fid=2&num=1 HTTP/1.1" 200 178 31
0:0:0:0:0:0:0:1 - - [29/八月/2023:17:21:53 +0800] "OPTIONS /resfood/findByPage?pageno=1&pagesize=5&sortby=fid&sort=asc HTTP/1.1" 200 0 3
0:0:0:0:0:0:0:1 - - [29/八月/2023:17:21:53 +0800] "GET /resfood/findByPage?pageno=1&pagesize=5&sortby=fid&sort=asc HTTP/1.1" 200 755 21
0:0:0:0:0:0:0:1 - - [29/八月/2023:17:21:55 +0800] "OPTIONS /ressecurity/resfood/resuser.action HTTP/1.1" 200 0 1
0:0:0:0:0:0:0:1 - - [29/八月/2023:17:21:55 +0800] "POST /ressecurity/resfood/resuser.action HTTP/1.1" 200 307 89
0:0:0:0:0:0:0:1 - - [29/八月/2023:17:21:56 +0800] "OPTIONS /cart/addCart?fid=3&num=1 HTTP/1.1" 200 0 2
0:0:0:0:0:0:0:1 - - [29/八月/2023:17:21:56 +0800] "GET /cart/addCart?fid=3&num=1 HTTP/1.1" 200 178 23
0:0:0:0:0:0:0:1 - - [29/八月/2023:17:22:09 +0800] "OPTIONS /cart/addCart?fid=3&num=1 HTTP/1.1" 200 0 1
0:0:0:0:0:0:0:1 - - [29/八月/2023:17:22:09 +0800] "GET /cart/addCart?fid=3&num=1 HTTP/1.1" 200 178 22
0:0:0:0:0:0:0:1 - - [29/八月/2023:17:22:34 +0800] "OPTIONS /resfood/findByPage?pageno=1&pagesize=5&sortby=fid&sort=asc HTTP/1.1" 200 0 1
0:0:0:0:0:0:0:1 - - [29/八月/2023:17:22:34 +0800] "GET /resfood/findByPage?pageno=1&pagesize=5&sortby=fid&sort=asc HTTP/1.1" 200 755 15
0:0:0:0:0:0:0:1 - - [29/八月/2023:17:22:36 +0800] "OPTIONS /ressecurity/resfood/resuser.action HTTP/1.1" 200 0 1
0:0:0:0:0:0:0:1 - - [29/八月/2023:17:22:36 +0800] "POST /ressecurity/resfood/resuser.action HTTP/1.1" 200 307 89
0:0:0:0:0:0:0:1 - - [29/八月/2023:17:22:37 +0800] "OPTIONS /cart/addCart?fid=3&num=1 HTTP/1.1" 200 0 1
0:0:0:0:0:0:0:1 - - [29/八月/2023:17:22:37 +0800] "GET /cart/addCart?fid=3&num=1 HTTP/1.1" 200 178 22
0:0:0:0:0:0:0:1 - - [29/八月/2023:17:23:17 +0800] "OPTIONS /cart/addCart?fid=2&num=1 HTTP/1.1" 200 0 1
0:0:0:0:0:0:0:1 - - [29/八月/2023:17:23:17 +0800] "GET /cart/addCart?fid=2&num=1 HTTP/1.1" 200 337 21
0:0:0:0:0:0:0:1 - - [29/八月/2023:17:23:20 +0800] "OPTIONS /cart/addCart?fid=1&num=1 HTTP/1.1" 200 0 1
0:0:0:0:0:0:0:1 - - [29/八月/2023:17:23:20 +0800] "GET /cart/addCart?fid=1&num=1 HTTP/1.1" 200 502 25
0:0:0:0:0:0:0:1 - - [29/八月/2023:18:33:47 +0800] "GET /cart/addCart?fid=3&num=1 HTTP/1.1" 200 179 1586
0:0:0:0:0:0:0:1 - - [29/八月/2023:18:44:31 +0800] "POST /ressecurity/resfood/resuser.action?username=a&pwd=a HTTP/1.1" 200 307 561
0:0:0:0:0:0:0:1 - - [29/八月/2023:18:46:04 +0800] "OPTIONS /resfood/findByPage?pageno=1&pagesize=5&sortby=fid&sort=asc HTTP/1.1" 200 0 12
0:0:0:0:0:0:0:1 - - [29/八月/2023:18:46:04 +0800] "GET /resfood/findByPage?pageno=1&pagesize=5&sortby=fid&sort=asc HTTP/1.1" 200 755 214
0:0:0:0:0:0:0:1 - - [29/八月/2023:18:46:09 +0800] "OPTIONS /ressecurity/resfood/resuser.action HTTP/1.1" 200 0 1
0:0:0:0:0:0:0:1 - - [29/八月/2023:18:46:09 +0800] "POST /ressecurity/resfood/resuser.action HTTP/1.1" 200 307 101
0:0:0:0:0:0:0:1 - - [29/八月/2023:18:46:12 +0800] "OPTIONS /cart/addCart?fid=3&num=1 HTTP/1.1" 200 0 1
0:0:0:0:0:0:0:1 - - [29/八月/2023:18:46:12 +0800] "GET /cart/addCart?fid=3&num=1 HTTP/1.1" 200 178 35
0:0:0:0:0:0:0:1 - - [29/八月/2023:18:46:15 +0800] "OPTIONS /order/order.orderFood HTTP/1.1" 200 0 2
0:0:0:0:0:0:0:1 - - [29/八月/2023:18:46:15 +0800] "POST /order/order.orderFood HTTP/1.1" 404 125 22
0:0:0:0:0:0:0:1 - - [29/八月/2023:18:46:27 +0800] "OPTIONS /resfood/findByPage?pageno=1&pagesize=5&sortby=fid&sort=asc HTTP/1.1" 200 0 2
0:0:0:0:0:0:0:1 - - [29/八月/2023:18:46:27 +0800] "GET /resfood/findByPage?pageno=1&pagesize=5&sortby=fid&sort=asc HTTP/1.1" 200 755 30
0:0:0:0:0:0:0:1 - - [29/八月/2023:18:46:30 +0800] "OPTIONS /ressecurity/resfood/resuser.action HTTP/1.1" 200 0 1
0:0:0:0:0:0:0:1 - - [29/八月/2023:18:46:30 +0800] "POST /ressecurity/resfood/resuser.action HTTP/1.1" 200 307 95
0:0:0:0:0:0:0:1 - - [29/八月/2023:18:46:32 +0800] "OPTIONS /cart/addCart?fid=1&num=1 HTTP/1.1" 200 0 2
0:0:0:0:0:0:0:1 - - [29/八月/2023:18:46:32 +0800] "GET /cart/addCart?fid=1&num=1 HTTP/1.1" 200 184 27
0:0:0:0:0:0:0:1 - - [29/八月/2023:18:46:37 +0800] "OPTIONS /order/order.orderFood HTTP/1.1" 200 0 4
0:0:0:0:0:0:0:1 - - [29/八月/2023:18:46:37 +0800] "POST /order/order.orderFood HTTP/1.1" 404 125 24
0:0:0:0:0:0:0:1 - - [29/八月/2023:18:46:50 +0800] "OPTIONS /resfood/findByPage?pageno=1&pagesize=5&sortby=fid&sort=asc HTTP/1.1" 200 0 4
0:0:0:0:0:0:0:1 - - [29/八月/2023:18:46:50 +0800] "GET /resfood/findByPage?pageno=1&pagesize=5&sortby=fid&sort=asc HTTP/1.1" 200 755 37
0:0:0:0:0:0:0:1 - - [29/八月/2023:18:46:54 +0800] "OPTIONS /ressecurity/resfood/resuser.action HTTP/1.1" 200 0 2
0:0:0:0:0:0:0:1 - - [29/八月/2023:18:46:54 +0800] "POST /ressecurity/resfood/resuser.action HTTP/1.1" 200 307 123
0:0:0:0:0:0:0:1 - - [29/八月/2023:18:46:55 +0800] "OPTIONS /cart/addCart?fid=3&num=1 HTTP/1.1" 200 0 1
0:0:0:0:0:0:0:1 - - [29/八月/2023:18:46:55 +0800] "GET /cart/addCart?fid=3&num=1 HTTP/1.1" 200 178 25
0:0:0:0:0:0:0:1 - - [29/八月/2023:18:46:56 +0800] "OPTIONS /order/orderFood HTTP/1.1" 200 0 2
0:0:0:0:0:0:0:1 - - [29/八月/2023:18:46:56 +0800] "POST /order/orderFood HTTP/1.1" 200 10 39
0:0:0:0:0:0:0:1 - - [29/八月/2023:19:13:41 +0800] "OPTIONS /resfood/findByPage?pageno=1&pagesize=5&sortby=fid&sort=asc HTTP/1.1" 200 0 20
0:0:0:0:0:0:0:1 - - [29/八月/2023:19:13:41 +0800] "GET /resfood/findByPage?pageno=1&pagesize=5&sortby=fid&sort=asc HTTP/1.1" 200 755 77
0:0:0:0:0:0:0:1 - - [29/八月/2023:19:14:31 +0800] "OPTIONS /resfood/findByPage?pageno=1&pagesize=5&sortby=fid&sort=asc HTTP/1.1" 200 0 3
0:0:0:0:0:0:0:1 - - [29/八月/2023:19:14:31 +0800] "GET /resfood/findByPage?pageno=1&pagesize=5&sortby=fid&sort=asc HTTP/1.1" 200 755 22
0:0:0:0:0:0:0:1 - - [29/八月/2023:19:14:34 +0800] "OPTIONS /ressecurity/resfood/resuser.action HTTP/1.1" 200 0 1
0:0:0:0:0:0:0:1 - - [29/八月/2023:19:14:34 +0800] "POST /ressecurity/resfood/resuser.action HTTP/1.1" 200 307 144
0:0:0:0:0:0:0:1 - - [29/八月/2023:19:14:36 +0800] "OPTIONS /cart/addCart?fid=3&num=1 HTTP/1.1" 200 0 2
0:0:0:0:0:0:0:1 - - [29/八月/2023:19:14:36 +0800] "GET /cart/addCart?fid=3&num=1 HTTP/1.1" 200 178 105
0:0:0:0:0:0:0:1 - - [29/八月/2023:19:16:13 +0800] "OPTIONS /resfood/findByPage?pageno=1&pagesize=5&sortby=fid&sort=asc HTTP/1.1" 200 0 5
0:0:0:0:0:0:0:1 - - [29/八月/2023:19:16:13 +0800] "GET /resfood/findByPage?pageno=1&pagesize=5&sortby=fid&sort=asc HTTP/1.1" 200 755 31
0:0:0:0:0:0:0:1 - - [29/八月/2023:19:16:14 +0800] "OPTIONS /ressecurity/resfood/resuser.action HTTP/1.1" 200 0 1
0:0:0:0:0:0:0:1 - - [29/八月/2023:19:16:14 +0800] "POST /ressecurity/resfood/resuser.action HTTP/1.1" 200 307 101
0:0:0:0:0:0:0:1 - - [29/八月/2023:19:16:17 +0800] "OPTIONS /cart/addCart?fid=2&num=1 HTTP/1.1" 200 0 1
0:0:0:0:0:0:0:1 - - [29/八月/2023:19:16:17 +0800] "GET /cart/addCart?fid=2&num=1 HTTP/1.1" 200 178 29
0:0:0:0:0:0:0:1 - - [29/八月/2023:19:21:19 +0800] "OPTIONS /resfood/findByPage?pageno=1&pagesize=5&sortby=fid&sort=asc HTTP/1.1" 200 0 3
0:0:0:0:0:0:0:1 - - [29/八月/2023:19:21:19 +0800] "GET /resfood/findByPage?pageno=1&pagesize=5&sortby=fid&sort=asc HTTP/1.1" 200 755 25
0:0:0:0:0:0:0:1 - - [29/八月/2023:19:21:21 +0800] "OPTIONS /ressecurity/resfood/resuser.action HTTP/1.1" 200 0 1
0:0:0:0:0:0:0:1 - - [29/八月/2023:19:21:21 +0800] "POST /ressecurity/resfood/resuser.action HTTP/1.1" 200 307 99
0:0:0:0:0:0:0:1 - - [29/八月/2023:19:21:22 +0800] "OPTIONS /cart/addCart?fid=2&num=1 HTTP/1.1" 200 0 1
0:0:0:0:0:0:0:1 - - [29/八月/2023:19:21:22 +0800] "GET /cart/addCart?fid=2&num=1 HTTP/1.1" 200 178 26
0:0:0:0:0:0:0:1 - - [29/八月/2023:19:22:14 +0800] "GET /cart/addCart?fid=2&num=1 HTTP/1.1" 400 5656 111
0:0:0:0:0:0:0:1 - - [29/八月/2023:19:22:43 +0800] "GET /cart/addCart?fid=2&num=1 HTTP/1.1" 200 178 37
0:0:0:0:0:0:0:1 - - [29/八月/2023:19:22:52 +0800] "OPTIONS /resfood/findByPage?pageno=1&pagesize=5&sortby=fid&sort=asc HTTP/1.1" 200 0 2
0:0:0:0:0:0:0:1 - - [29/八月/2023:19:22:52 +0800] "GET /resfood/findByPage?pageno=1&pagesize=5&sortby=fid&sort=asc HTTP/1.1" 200 755 23
0:0:0:0:0:0:0:1 - - [29/八月/2023:19:22:53 +0800] "OPTIONS /ressecurity/resfood/resuser.action HTTP/1.1" 200 0 2
0:0:0:0:0:0:0:1 - - [29/八月/2023:19:22:53 +0800] "POST /ressecurity/resfood/resuser.action HTTP/1.1" 200 307 101
0:0:0:0:0:0:0:1 - - [29/八月/2023:19:22:55 +0800] "OPTIONS /cart/addCart?fid=2&num=1 HTTP/1.1" 200 0 2
0:0:0:0:0:0:0:1 - - [29/八月/2023:19:22:55 +0800] "GET /cart/addCart?fid=2&num=1 HTTP/1.1" 200 178 26
0:0:0:0:0:0:0:1 - - [29/八月/2023:19:24:59 +0800] "OPTIONS /resfood/findByPage?pageno=1&pagesize=5&sortby=fid&sort=asc HTTP/1.1" 200 0 4
0:0:0:0:0:0:0:1 - - [29/八月/2023:19:24:59 +0800] "GET /resfood/findByPage?pageno=1&pagesize=5&sortby=fid&sort=asc HTTP/1.1" 200 755 32
0:0:0:0:0:0:0:1 - - [29/八月/2023:19:25:03 +0800] "OPTIONS /ressecurity/resfood/resuser.action HTTP/1.1" 200 0 1
0:0:0:0:0:0:0:1 - - [29/八月/2023:19:25:03 +0800] "POST /ressecurity/resfood/resuser.action HTTP/1.1" 200 307 123
0:0:0:0:0:0:0:1 - - [29/八月/2023:19:25:04 +0800] "OPTIONS /cart/addCart?fid=2&num=1 HTTP/1.1" 200 0 1
0:0:0:0:0:0:0:1 - - [29/八月/2023:19:25:04 +0800] "GET /cart/addCart?fid=2&num=1 HTTP/1.1" 200 178 26
0:0:0:0:0:0:0:1 - - [29/八月/2023:19:27:02 +0800] "OPTIONS /resfood/findByPage?pageno=1&pagesize=5&sortby=fid&sort=asc HTTP/1.1" 200 0 3
0:0:0:0:0:0:0:1 - - [29/八月/2023:19:27:02 +0800] "GET /resfood/findByPage?pageno=1&pagesize=5&sortby=fid&sort=asc HTTP/1.1" 200 755 37
0:0:0:0:0:0:0:1 - - [29/八月/2023:19:27:04 +0800] "OPTIONS /ressecurity/resfood/resuser.action HTTP/1.1" 200 0 1
0:0:0:0:0:0:0:1 - - [29/八月/2023:19:27:04 +0800] "POST /ressecurity/resfood/resuser.action HTTP/1.1" 200 307 105
0:0:0:0:0:0:0:1 - - [29/八月/2023:19:27:05 +0800] "OPTIONS /cart/addCart?fid=2&num=1 HTTP/1.1" 200 0 1
0:0:0:0:0:0:0:1 - - [29/八月/2023:19:27:05 +0800] "GET /cart/addCart?fid=2&num=1 HTTP/1.1" 200 178 28
0:0:0:0:0:0:0:1 - - [29/八月/2023:19:29:11 +0800] "OPTIONS /resfood/findByPage?pageno=1&pagesize=5&sortby=fid&sort=asc HTTP/1.1" 200 0 2
0:0:0:0:0:0:0:1 - - [29/八月/2023:19:29:11 +0800] "GET /resfood/findByPage?pageno=1&pagesize=5&sortby=fid&sort=asc HTTP/1.1" 200 755 36
0:0:0:0:0:0:0:1 - - [29/八月/2023:19:29:13 +0800] "OPTIONS /ressecurity/resfood/resuser.action HTTP/1.1" 200 0 1
0:0:0:0:0:0:0:1 - - [29/八月/2023:19:29:13 +0800] "POST /ressecurity/resfood/resuser.action HTTP/1.1" 200 307 118
0:0:0:0:0:0:0:1 - - [29/八月/2023:19:29:14 +0800] "OPTIONS /cart/addCart?fid=2&num=1 HTTP/1.1" 200 0 1
0:0:0:0:0:0:0:1 - - [29/八月/2023:19:29:14 +0800] "GET /cart/addCart?fid=2&num=1 HTTP/1.1" 200 178 28
0:0:0:0:0:0:0:1 - - [29/八月/2023:19:30:24 +0800] "OPTIONS /resfood/findByPage?pageno=1&pagesize=5&sortby=fid&sort=asc HTTP/1.1" 200 0 3
0:0:0:0:0:0:0:1 - - [29/八月/2023:19:30:24 +0800] "GET /resfood/findByPage?pageno=1&pagesize=5&sortby=fid&sort=asc HTTP/1.1" 200 755 25
0:0:0:0:0:0:0:1 - - [29/八月/2023:19:30:27 +0800] "OPTIONS /ressecurity/resfood/resuser.action HTTP/1.1" 200 0 2
0:0:0:0:0:0:0:1 - - [29/八月/2023:19:30:27 +0800] "POST /ressecurity/resfood/resuser.action HTTP/1.1" 200 307 123
0:0:0:0:0:0:0:1 - - [29/八月/2023:19:30:28 +0800] "OPTIONS /cart/addCart?fid=3&num=1 HTTP/1.1" 200 0 1
0:0:0:0:0:0:0:1 - - [29/八月/2023:19:30:29 +0800] "GET /cart/addCart?fid=3&num=1 HTTP/1.1" 200 178 30
0:0:0:0:0:0:0:1 - - [29/八月/2023:19:31:15 +0800] "OPTIONS /resfood/findByPage?pageno=1&pagesize=5&sortby=fid&sort=asc HTTP/1.1" 200 0 2
0:0:0:0:0:0:0:1 - - [29/八月/2023:19:31:15 +0800] "GET /resfood/findByPage?pageno=1&pagesize=5&sortby=fid&sort=asc HTTP/1.1" 200 755 28
0:0:0:0:0:0:0:1 - - [29/八月/2023:19:31:17 +0800] "OPTIONS /ressecurity/resfood/resuser.action HTTP/1.1" 200 0 1
0:0:0:0:0:0:0:1 - - [29/八月/2023:19:31:17 +0800] "POST /ressecurity/resfood/resuser.action HTTP/1.1" 200 307 94
0:0:0:0:0:0:0:1 - - [29/八月/2023:19:31:18 +0800] "OPTIONS /cart/addCart?fid=2&num=1 HTTP/1.1" 200 0 2
0:0:0:0:0:0:0:1 - - [29/八月/2023:19:31:18 +0800] "GET /cart/addCart?fid=2&num=1 HTTP/1.1" 200 178 25
0:0:0:0:0:0:0:1 - - [29/八月/2023:19:31:29 +0800] "OPTIONS /cart/addCart?fid=3&num=1 HTTP/1.1" 200 0 1
0:0:0:0:0:0:0:1 - - [29/八月/2023:19:31:29 +0800] "GET /cart/addCart?fid=3&num=1 HTTP/1.1" 200 337 21
0:0:0:0:0:0:0:1 - - [29/八月/2023:19:31:42 +0800] "OPTIONS /cart/addCart?fid=1&num=1 HTTP/1.1" 200 0 1
0:0:0:0:0:0:0:1 - - [29/八月/2023:19:31:42 +0800] "GET /cart/addCart?fid=1&num=1 HTTP/1.1" 200 502 22
0:0:0:0:0:0:0:1 - - [29/八月/2023:19:32:20 +0800] "OPTIONS /resfood/findByPage?pageno=1&pagesize=5&sortby=fid&sort=asc HTTP/1.1" 200 0 1
0:0:0:0:0:0:0:1 - - [29/八月/2023:19:32:20 +0800] "GET /resfood/findByPage?pageno=1&pagesize=5&sortby=fid&sort=asc HTTP/1.1" 200 755 15
0:0:0:0:0:0:0:1 - - [29/八月/2023:19:32:22 +0800] "OPTIONS /ressecurity/resfood/resuser.action HTTP/1.1" 200 0 1
0:0:0:0:0:0:0:1 - - [29/八月/2023:19:32:22 +0800] "POST /ressecurity/resfood/resuser.action HTTP/1.1" 200 307 97
0:0:0:0:0:0:0:1 - - [29/八月/2023:19:32:23 +0800] "OPTIONS /cart/addCart?fid=2&num=1 HTTP/1.1" 200 0 1
0:0:0:0:0:0:0:1 - - [29/八月/2023:19:32:23 +0800] "GET /cart/addCart?fid=2&num=1 HTTP/1.1" 200 178 22
0:0:0:0:0:0:0:1 - - [29/八月/2023:19:33:50 +0800] "OPTIONS /resfood/findByPage?pageno=1&pagesize=5&sortby=fid&sort=asc HTTP/1.1" 200 0 1
0:0:0:0:0:0:0:1 - - [29/八月/2023:19:33:50 +0800] "GET /resfood/findByPage?pageno=1&pagesize=5&sortby=fid&sort=asc HTTP/1.1" 200 755 23
0:0:0:0:0:0:0:1 - - [29/八月/2023:19:33:53 +0800] "OPTIONS /ressecurity/resfood/resuser.action HTTP/1.1" 200 0 1
0:0:0:0:0:0:0:1 - - [29/八月/2023:19:33:53 +0800] "POST /ressecurity/resfood/resuser.action HTTP/1.1" 200 307 103
0:0:0:0:0:0:0:1 - - [29/八月/2023:19:33:55 +0800] "OPTIONS /cart/addCart?fid=2&num=1 HTTP/1.1" 200 0 1
0:0:0:0:0:0:0:1 - - [29/八月/2023:19:33:55 +0800] "GET /cart/addCart?fid=2&num=1 HTTP/1.1" 200 178 23
0:0:0:0:0:0:0:1 - - [29/八月/2023:19:34:23 +0800] "OPTIONS /resfood/findByPage?pageno=1&pagesize=5&sortby=fid&sort=asc HTTP/1.1" 200 0 2
0:0:0:0:0:0:0:1 - - [29/八月/2023:19:34:23 +0800] "GET /resfood/findByPage?pageno=1&pagesize=5&sortby=fid&sort=asc HTTP/1.1" 200 755 21
0:0:0:0:0:0:0:1 - - [29/八月/2023:19:34:28 +0800] "OPTIONS /ressecurity/resfood/resuser.action HTTP/1.1" 200 0 1
0:0:0:0:0:0:0:1 - - [29/八月/2023:19:34:28 +0800] "POST /ressecurity/resfood/resuser.action HTTP/1.1" 200 307 94
0:0:0:0:0:0:0:1 - - [29/八月/2023:19:34:30 +0800] "OPTIONS /cart/addCart?fid=3&num=1 HTTP/1.1" 200 0 1
0:0:0:0:0:0:0:1 - - [29/八月/2023:19:34:30 +0800] "GET /cart/addCart?fid=3&num=1 HTTP/1.1" 200 178 22
0:0:0:0:0:0:0:1 - - [29/八月/2023:19:35:04 +0800] "OPTIONS /resfood/findByPage?pageno=1&pagesize=5&sortby=fid&sort=asc HTTP/1.1" 200 0 1
0:0:0:0:0:0:0:1 - - [29/八月/2023:19:35:04 +0800] "GET /resfood/findByPage?pageno=1&pagesize=5&sortby=fid&sort=asc HTTP/1.1" 200 755 18
0:0:0:0:0:0:0:1 - - [29/八月/2023:19:39:01 +0800] "OPTIONS /resfood/findByPage?pageno=1&pagesize=5&sortby=fid&sort=asc HTTP/1.1" 200 0 2
0:0:0:0:0:0:0:1 - - [29/八月/2023:19:39:01 +0800] "GET /resfood/findByPage?pageno=1&pagesize=5&sortby=fid&sort=asc HTTP/1.1" 200 755 31
0:0:0:0:0:0:0:1 - - [29/八月/2023:19:39:06 +0800] "OPTIONS /ressecurity/resfood/resuser.action HTTP/1.1" 200 0 1
0:0:0:0:0:0:0:1 - - [29/八月/2023:19:39:06 +0800] "POST /ressecurity/resfood/resuser.action HTTP/1.1" 200 307 101
0:0:0:0:0:0:0:1 - - [29/八月/2023:19:39:08 +0800] "OPTIONS /cart/addCart?fid=2&num=1 HTTP/1.1" 200 0 1
0:0:0:0:0:0:0:1 - - [29/八月/2023:19:39:08 +0800] "GET /cart/addCart?fid=2&num=1 HTTP/1.1" 200 178 26
0:0:0:0:0:0:0:1 - - [29/八月/2023:19:41:48 +0800] "OPTIONS /resfood/findByPage?pageno=1&pagesize=5&sortby=fid&sort=asc HTTP/1.1" 200 0 2
0:0:0:0:0:0:0:1 - - [29/八月/2023:19:41:48 +0800] "GET /resfood/findByPage?pageno=1&pagesize=5&sortby=fid&sort=asc HTTP/1.1" 200 755 32
0:0:0:0:0:0:0:1 - - [29/八月/2023:19:41:52 +0800] "OPTIONS /ressecurity/resfood/resuser.action HTTP/1.1" 200 0 2
0:0:0:0:0:0:0:1 - - [29/八月/2023:19:41:52 +0800] "POST /ressecurity/resfood/resuser.action HTTP/1.1" 200 307 145
0:0:0:0:0:0:0:1 - - [29/八月/2023:19:41:53 +0800] "OPTIONS /cart/addCart?fid=2&num=1 HTTP/1.1" 200 0 1
0:0:0:0:0:0:0:1 - - [29/八月/2023:19:41:53 +0800] "GET /cart/addCart?fid=2&num=1 HTTP/1.1" 200 178 26
0:0:0:0:0:0:0:1 - - [29/八月/2023:19:42:30 +0800] "OPTIONS /resfood/findByPage?pageno=1&pagesize=5&sortby=fid&sort=asc HTTP/1.1" 200 0 1
0:0:0:0:0:0:0:1 - - [29/八月/2023:19:42:30 +0800] "GET /resfood/findByPage?pageno=1&pagesize=5&sortby=fid&sort=asc HTTP/1.1" 200 755 14
0:0:0:0:0:0:0:1 - - [29/八月/2023:19:42:33 +0800] "GET /resfood/findByPage?pageno=1&pagesize=5&sortby=fid&sort=asc HTTP/1.1" 200 755 19
0:0:0:0:0:0:0:1 - - [29/八月/2023:19:42:34 +0800] "OPTIONS /ressecurity/resfood/resuser.action HTTP/1.1" 200 0 1
0:0:0:0:0:0:0:1 - - [29/八月/2023:19:42:34 +0800] "POST /ressecurity/resfood/resuser.action HTTP/1.1" 200 307 92
0:0:0:0:0:0:0:1 - - [29/八月/2023:19:45:06 +0800] "OPTIONS /resfood/findByPage?pageno=1&pagesize=5&sortby=fid&sort=asc HTTP/1.1" 200 0 3
0:0:0:0:0:0:0:1 - - [29/八月/2023:19:45:07 +0800] "GET /resfood/findByPage?pageno=1&pagesize=5&sortby=fid&sort=asc HTTP/1.1" 200 755 40
0:0:0:0:0:0:0:1 - - [29/八月/2023:19:47:59 +0800] "OPTIONS /resfood/findByPage?pageno=1&pagesize=5&sortby=fid&sort=asc HTTP/1.1" 200 0 5
0:0:0:0:0:0:0:1 - - [29/八月/2023:19:47:59 +0800] "GET /resfood/findByPage?pageno=1&pagesize=5&sortby=fid&sort=asc HTTP/1.1" 200 755 34
0:0:0:0:0:0:0:1 - - [29/八月/2023:19:48:00 +0800] "OPTIONS /ressecurity/resfood/resuser.action HTTP/1.1" 200 0 1
0:0:0:0:0:0:0:1 - - [29/八月/2023:19:48:00 +0800] "POST /ressecurity/resfood/resuser.action HTTP/1.1" 200 307 99
0:0:0:0:0:0:0:1 - - [29/八月/2023:19:48:02 +0800] "OPTIONS /cart/addCart?fid=2&num=1 HTTP/1.1" 200 0 1
0:0:0:0:0:0:0:1 - - [29/八月/2023:19:48:02 +0800] "GET /cart/addCart?fid=2&num=1 HTTP/1.1" 200 178 26
0:0:0:0:0:0:0:1 - - [29/八月/2023:19:48:35 +0800] "OPTIONS /resfood/findByPage?pageno=1&pagesize=5&sortby=fid&sort=asc HTTP/1.1" 200 0 2
0:0:0:0:0:0:0:1 - - [29/八月/2023:19:48:35 +0800] "GET /resfood/findByPage?pageno=1&pagesize=5&sortby=fid&sort=asc HTTP/1.1" 200 755 26
0:0:0:0:0:0:0:1 - - [29/八月/2023:19:48:53 +0800] "OPTIONS /resfood/findByPage?pageno=1&pagesize=5&sortby=fid&sort=asc HTTP/1.1" 200 0 2
0:0:0:0:0:0:0:1 - - [29/八月/2023:19:48:53 +0800] "GET /resfood/findByPage?pageno=1&pagesize=5&sortby=fid&sort=asc HTTP/1.1" 200 755 18
0:0:0:0:0:0:0:1 - - [29/八月/2023:19:50:25 +0800] "OPTIONS /resfood/findByPage?pageno=1&pagesize=5&sortby=fid&sort=asc HTTP/1.1" 200 0 2
0:0:0:0:0:0:0:1 - - [29/八月/2023:19:50:25 +0800] "GET /resfood/findByPage?pageno=1&pagesize=5&sortby=fid&sort=asc HTTP/1.1" 200 755 33
0:0:0:0:0:0:0:1 - - [29/八月/2023:19:50:28 +0800] "OPTIONS /ressecurity/resfood/resuser.action HTTP/1.1" 200 0 2
0:0:0:0:0:0:0:1 - - [29/八月/2023:19:50:28 +0800] "POST /ressecurity/resfood/resuser.action HTTP/1.1" 200 307 119
0:0:0:0:0:0:0:1 - - [29/八月/2023:19:50:29 +0800] "OPTIONS /cart/addCart?fid=2&num=1 HTTP/1.1" 200 0 1
0:0:0:0:0:0:0:1 - - [29/八月/2023:19:50:29 +0800] "GET /cart/addCart?fid=2&num=1 HTTP/1.1" 200 178 27
0:0:0:0:0:0:0:1 - - [29/八月/2023:19:50:30 +0800] "OPTIONS /cart/getCartInfo HTTP/1.1" 200 0 2
0:0:0:0:0:0:0:1 - - [29/八月/2023:19:50:30 +0800] "POST /cart/getCartInfo HTTP/1.1" 405 4965 12
0:0:0:0:0:0:0:1 - - [29/八月/2023:19:51:10 +0800] "OPTIONS /resfood/findByPage?pageno=1&pagesize=5&sortby=fid&sort=asc HTTP/1.1" 200 0 2
0:0:0:0:0:0:0:1 - - [29/八月/2023:19:51:10 +0800] "GET /resfood/findByPage?pageno=1&pagesize=5&sortby=fid&sort=asc HTTP/1.1" 200 755 17
0:0:0:0:0:0:0:1 - - [29/八月/2023:19:51:12 +0800] "OPTIONS /ressecurity/resfood/resuser.action HTTP/1.1" 200 0 2
0:0:0:0:0:0:0:1 - - [29/八月/2023:19:51:12 +0800] "POST /ressecurity/resfood/resuser.action HTTP/1.1" 200 307 101
0:0:0:0:0:0:0:1 - - [29/八月/2023:19:51:15 +0800] "OPTIONS /cart/addCart?fid=2&num=1 HTTP/1.1" 200 0 3
0:0:0:0:0:0:0:1 - - [29/八月/2023:19:51:15 +0800] "GET /cart/addCart?fid=2&num=1 HTTP/1.1" 200 178 53
0:0:0:0:0:0:0:1 - - [29/八月/2023:19:51:16 +0800] "OPTIONS /cart/getCartInfo HTTP/1.1" 200 0 1
0:0:0:0:0:0:0:1 - - [29/八月/2023:19:51:16 +0800] "GET /cart/getCartInfo HTTP/1.1" 200 177 16
0:0:0:0:0:0:0:1 - - [29/八月/2023:19:54:02 +0800] "OPTIONS /resfood/findByPage?pageno=1&pagesize=5&sortby=fid&sort=asc HTTP/1.1" 200 0 2
0:0:0:0:0:0:0:1 - - [29/八月/2023:19:54:02 +0800] "GET /resfood/findByPage?pageno=1&pagesize=5&sortby=fid&sort=asc HTTP/1.1" 200 755 30
0:0:0:0:0:0:0:1 - - [29/八月/2023:19:54:04 +0800] "OPTIONS /ressecurity/resfood/resuser.action HTTP/1.1" 200 0 1
0:0:0:0:0:0:0:1 - - [29/八月/2023:19:54:04 +0800] "POST /ressecurity/resfood/resuser.action HTTP/1.1" 200 307 96
0:0:0:0:0:0:0:1 - - [29/八月/2023:19:54:06 +0800] "OPTIONS /cart/addCart?fid=3&num=1 HTTP/1.1" 200 0 1
0:0:0:0:0:0:0:1 - - [29/八月/2023:19:54:06 +0800] "GET /cart/addCart?fid=3&num=1 HTTP/1.1" 200 178 26
0:0:0:0:0:0:0:1 - - [29/八月/2023:19:54:07 +0800] "GET /cart/addCart?fid=3&num=1 HTTP/1.1" 200 178 22
0:0:0:0:0:0:0:1 - - [29/八月/2023:19:54:11 +0800] "OPTIONS /cart/getCartInfo HTTP/1.1" 200 0 3
0:0:0:0:0:0:0:1 - - [29/八月/2023:19:54:11 +0800] "GET /cart/getCartInfo HTTP/1.1" 200 177 19
0:0:0:0:0:0:0:1 - - [29/八月/2023:19:54:47 +0800] "OPTIONS /cart/getCartInfo HTTP/1.1" 200 0 2
0:0:0:0:0:0:0:1 - - [29/八月/2023:19:54:47 +0800] "GET /cart/getCartInfo HTTP/1.1" 200 177 13
0:0:0:0:0:0:0:1 - - [29/八月/2023:20:54:49 +0800] "OPTIONS /cart/addCart?fid=2&num=1 HTTP/1.1" 200 0 1
0:0:0:0:0:0:0:1 - - [29/八月/2023:20:54:49 +0800] "GET /cart/addCart?fid=2&num=1 HTTP/1.1" 200 337 73
0:0:0:0:0:0:0:1 - - [29/八月/2023:20:54:52 +0800] "OPTIONS /cart/getCartInfo HTTP/1.1" 200 0 1
0:0:0:0:0:0:0:1 - - [29/八月/2023:20:54:52 +0800] "GET /cart/getCartInfo HTTP/1.1" 200 336 9
0:0:0:0:0:0:0:1 - - [29/八月/2023:20:55:13 +0800] "OPTIONS /order/orderFood HTTP/1.1" 200 0 1
0:0:0:0:0:0:0:1 - - [29/八月/2023:20:55:13 +0800] "POST /order/orderFood HTTP/1.1" 200 10 133
0:0:0:0:0:0:0:1 - - [30/八月/2023:18:32:50 +0800] "OPTIONS /resfood/findByPage?pageno=1&pagesize=5&sortby=fid&sort=asc HTTP/1.1" 200 0 156
0:0:0:0:0:0:0:1 - - [30/八月/2023:18:32:50 +0800] "GET /resfood/findByPage?pageno=1&pagesize=5&sortby=fid&sort=asc HTTP/1.1" 200 755 1225
0:0:0:0:0:0:0:1 - - [30/八月/2023:18:32:58 +0800] "OPTIONS /ressecurity/resfood/resuser.action HTTP/1.1" 200 0 2
0:0:0:0:0:0:0:1 - - [30/八月/2023:18:32:58 +0800] "POST /ressecurity/resfood/resuser.action HTTP/1.1" 200 307 629
0:0:0:0:0:0:0:1 - - [30/八月/2023:18:33:57 +0800] "OPTIONS /cart/addCart?fid=2&num=1 HTTP/1.1" 200 0 8
0:0:0:0:0:0:0:1 - - [30/八月/2023:18:33:57 +0800] "GET /cart/addCart?fid=2&num=1 HTTP/1.1" 200 178 1013
0:0:0:0:0:0:0:1 - - [30/八月/2023:18:33:58 +0800] "GET /cart/addCart?fid=2&num=1 HTTP/1.1" 200 178 100
0:0:0:0:0:0:0:1 - - [30/八月/2023:18:36:34 +0800] "OPTIONS /resfood/findByPage?pageno=1&pagesize=5&sortby=fid&sort=asc HTTP/1.1" 200 0 6
0:0:0:0:0:0:0:1 - - [30/八月/2023:18:36:34 +0800] "GET /resfood/findByPage?pageno=1&pagesize=5&sortby=fid&sort=asc HTTP/1.1" 200 755 136
0:0:0:0:0:0:0:1 - - [30/八月/2023:18:36:43 +0800] "OPTIONS /resfood/findByPage?pageno=1&pagesize=5&sortby=fid&sort=asc HTTP/1.1" 200 0 4
0:0:0:0:0:0:0:1 - - [30/八月/2023:18:36:43 +0800] "GET /resfood/findByPage?pageno=1&pagesize=5&sortby=fid&sort=asc HTTP/1.1" 200 755 78
0:0:0:0:0:0:0:1 - - [30/八月/2023:18:37:09 +0800] "OPTIONS /cart/addCart?fid=1&num=1 HTTP/1.1" 200 0 5
0:0:0:0:0:0:0:1 - - [30/八月/2023:18:37:09 +0800] "GET /cart/addCart?fid=1&num=1 HTTP/1.1" 200 343 109
0:0:0:0:0:0:0:1 - - [30/八月/2023:18:41:08 +0800] "OPTIONS /resfood/findByPage?pageno=1&pagesize=5&sortby=fid&sort=asc HTTP/1.1" 200 0 5
0:0:0:0:0:0:0:1 - - [30/八月/2023:18:41:08 +0800] "GET /resfood/findByPage?pageno=1&pagesize=5&sortby=fid&sort=asc HTTP/1.1" 200 755 80
0:0:0:0:0:0:0:1 - - [30/八月/2023:18:41:15 +0800] "OPTIONS /cart/addCart?fid=1&num=1 HTTP/1.1" 200 0 5
0:0:0:0:0:0:0:1 - - [30/八月/2023:18:41:15 +0800] "GET /cart/addCart?fid=1&num=1 HTTP/1.1" 200 343 104
0:0:0:0:0:0:0:1 - - [30/八月/2023:18:43:17 +0800] "OPTIONS /resfood/findByPage?pageno=1&pagesize=5&sortby=fid&sort=asc HTTP/1.1" 200 0 6
0:0:0:0:0:0:0:1 - - [30/八月/2023:18:43:17 +0800] "GET /resfood/findByPage?pageno=1&pagesize=5&sortby=fid&sort=asc HTTP/1.1" 200 755 91
0:0:0:0:0:0:0:1 - - [30/八月/2023:18:43:21 +0800] "OPTIONS /cart/addCart?fid=2&num=1 HTTP/1.1" 200 0 4
0:0:0:0:0:0:0:1 - - [30/八月/2023:18:43:21 +0800] "GET /cart/addCart?fid=2&num=1 HTTP/1.1" 200 343 102
0:0:0:0:0:0:0:1 - - [30/八月/2023:18:44:04 +0800] "OPTIONS /ressecurity/resfood/resuser.action HTTP/1.1" 200 0 2
0:0:0:0:0:0:0:1 - - [30/八月/2023:18:44:04 +0800] "POST /ressecurity/resfood/resuser.action HTTP/1.1" 200 307 97
0:0:0:0:0:0:0:1 - - [30/八月/2023:18:44:06 +0800] "OPTIONS /resfood/findByPage?pageno=1&pagesize=5&sortby=fid&sort=asc HTTP/1.1" 200 0 1
0:0:0:0:0:0:0:1 - - [30/八月/2023:18:44:06 +0800] "GET /resfood/findByPage?pageno=1&pagesize=5&sortby=fid&sort=asc HTTP/1.1" 200 755 19
0:0:0:0:0:0:0:1 - - [30/八月/2023:18:44:08 +0800] "POST /ressecurity/resfood/resuser.action HTTP/1.1" 200 307 98
0:0:0:0:0:0:0:1 - - [30/八月/2023:18:44:10 +0800] "OPTIONS /cart/addCart?fid=2&num=1 HTTP/1.1" 200 0 1
0:0:0:0:0:0:0:1 - - [30/八月/2023:18:44:10 +0800] "GET /cart/addCart?fid=2&num=1 HTTP/1.1" 200 178 23
0:0:0:0:0:0:0:1 - - [30/八月/2023:18:44:11 +0800] "GET /cart/addCart?fid=2&num=1 HTTP/1.1" 200 178 22
0:0:0:0:0:0:0:1 - - [30/八月/2023:18:44:12 +0800] "OPTIONS /cart/addCart?fid=1&num=1 HTTP/1.1" 200 0 1
0:0:0:0:0:0:0:1 - - [30/八月/2023:18:44:12 +0800] "GET /cart/addCart?fid=1&num=1 HTTP/1.1" 200 343 22
0:0:0:0:0:0:0:1 - - [30/八月/2023:18:44:15 +0800] "OPTIONS /cart/addCart?fid=2&num=-1 HTTP/1.1" 200 0 1
0:0:0:0:0:0:0:1 - - [30/八月/2023:18:44:15 +0800] "GET /cart/addCart?fid=2&num=-1 HTTP/1.1" 200 343 20
0:0:0:0:0:0:0:1 - - [30/八月/2023:18:44:15 +0800] "OPTIONS /cart/addCart?fid=2&num=1 HTTP/1.1" 200 0 1
0:0:0:0:0:0:0:1 - - [30/八月/2023:18:44:15 +0800] "GET /cart/addCart?fid=2&num=1 HTTP/1.1" 200 343 22
0:0:0:0:0:0:0:1 - - [30/八月/2023:18:44:16 +0800] "GET /cart/addCart?fid=2&num=-1 HTTP/1.1" 200 343 22
0:0:0:0:0:0:0:1 - - [30/八月/2023:18:44:17 +0800] "GET /cart/addCart?fid=2&num=1 HTTP/1.1" 200 343 22
0:0:0:0:0:0:0:1 - - [30/八月/2023:18:44:18 +0800] "OPTIONS /cart/addCart?fid=1&num=1 HTTP/1.1" 200 0 1
0:0:0:0:0:0:0:1 - - [30/八月/2023:18:44:18 +0800] "GET /cart/addCart?fid=1&num=1 HTTP/1.1" 200 343 17
0:0:0:0:0:0:0:1 - - [30/八月/2023:18:44:18 +0800] "OPTIONS /cart/addCart?fid=1&num=-1 HTTP/1.1" 200 0 1
0:0:0:0:0:0:0:1 - - [30/八月/2023:18:44:18 +0800] "GET /cart/addCart?fid=1&num=-1 HTTP/1.1" 200 343 19
0:0:0:0:0:0:0:1 - - [30/八月/2023:18:44:19 +0800] "OPTIONS /resfood/clearAll HTTP/1.1" 200 0 2
0:0:0:0:0:0:0:1 - - [30/八月/2023:18:44:19 +0800] "GET /resfood/clearAll HTTP/1.1" 404 138 16
0:0:0:0:0:0:0:1 - - [30/八月/2023:18:44:21 +0800] "GET /resfood/clearAll HTTP/1.1" 404 138 8
0:0:0:0:0:0:0:1 - - [30/八月/2023:18:44:21 +0800] "GET /resfood/clearAll HTTP/1.1" 404 138 8
0:0:0:0:0:0:0:1 - - [30/八月/2023:18:44:21 +0800] "GET /resfood/clearAll HTTP/1.1" 404 138 8
0:0:0:0:0:0:0:1 - - [30/八月/2023:18:44:22 +0800] "GET /resfood/clearAll HTTP/1.1" 404 138 7
0:0:0:0:0:0:0:1 - - [30/八月/2023:18:44:51 +0800] "OPTIONS /resfood/clearAll HTTP/1.1" 200 0 2
0:0:0:0:0:0:0:1 - - [30/八月/2023:18:44:51 +0800] "GET /resfood/clearAll HTTP/1.1" 404 138 11
0:0:0:0:0:0:0:1 - - [30/八月/2023:18:48:34 +0800] "OPTIONS /resfood/findByPage?pageno=1&pagesize=5&sortby=fid&sort=asc HTTP/1.1" 200 0 4
0:0:0:0:0:0:0:1 - - [30/八月/2023:18:48:34 +0800] "GET /resfood/findByPage?pageno=1&pagesize=5&sortby=fid&sort=asc HTTP/1.1" 200 755 39
0:0:0:0:0:0:0:1 - - [30/八月/2023:18:48:36 +0800] "OPTIONS /ressecurity/resfood/resuser.action HTTP/1.1" 200 0 1
0:0:0:0:0:0:0:1 - - [30/八月/2023:18:48:36 +0800] "POST /ressecurity/resfood/resuser.action HTTP/1.1" 200 307 103
0:0:0:0:0:0:0:1 - - [30/八月/2023:18:48:38 +0800] "OPTIONS /cart/addCart?fid=2&num=1 HTTP/1.1" 200 0 1
0:0:0:0:0:0:0:1 - - [30/八月/2023:18:48:38 +0800] "GET /cart/addCart?fid=2&num=1 HTTP/1.1" 200 178 33
0:0:0:0:0:0:0:1 - - [30/八月/2023:18:48:40 +0800] "GET /cart/addCart?fid=2&num=1 HTTP/1.1" 200 178 25
0:0:0:0:0:0:0:1 - - [30/八月/2023:18:48:41 +0800] "OPTIONS /cart/addCart?fid=1&num=1 HTTP/1.1" 200 0 1
0:0:0:0:0:0:0:1 - - [30/八月/2023:18:48:41 +0800] "GET /cart/addCart?fid=1&num=1 HTTP/1.1" 200 343 21
0:0:0:0:0:0:0:1 - - [30/八月/2023:18:48:43 +0800] "GET /cart/addCart?fid=1&num=1 HTTP/1.1" 200 343 23
0:0:0:0:0:0:0:1 - - [30/八月/2023:18:48:44 +0800] "OPTIONS /cart/addCart?fid=1&num=-1 HTTP/1.1" 200 0 1
0:0:0:0:0:0:0:1 - - [30/八月/2023:18:48:44 +0800] "GET /cart/addCart?fid=1&num=-1 HTTP/1.1" 200 343 20
0:0:0:0:0:0:0:1 - - [30/八月/2023:18:48:45 +0800] "OPTIONS /cart/clearAll HTTP/1.1" 200 0 2
0:0:0:0:0:0:0:1 - - [30/八月/2023:18:48:45 +0800] "GET /cart/clearAll HTTP/1.1" 200 26 26
0:0:0:0:0:0:0:1 - - [30/八月/2023:18:48:47 +0800] "OPTIONS /cart/addCart?fid=1&num=1 HTTP/1.1" 200 0 1
0:0:0:0:0:0:0:1 - - [30/八月/2023:18:48:47 +0800] "GET /cart/addCart?fid=1&num=1 HTTP/1.1" 200 184 21
0:0:0:0:0:0:0:1 - - [30/八月/2023:18:48:54 +0800] "OPTIONS /cart/addCart?fid=3&num=1 HTTP/1.1" 200 0 2
0:0:0:0:0:0:0:1 - - [30/八月/2023:18:48:54 +0800] "GET /cart/addCart?fid=3&num=1 HTTP/1.1" 200 343 18
0:0:0:0:0:0:0:1 - - [30/八月/2023:18:48:56 +0800] "OPTIONS /cart/addCart?fid=4&num=1 HTTP/1.1" 200 0 1
0:0:0:0:0:0:0:1 - - [30/八月/2023:18:48:56 +0800] "GET /cart/addCart?fid=4&num=1 HTTP/1.1" 200 499 21
0:0:0:0:0:0:0:1 - - [30/八月/2023:18:48:57 +0800] "OPTIONS /order/orderFood HTTP/1.1" 200 0 2
0:0:0:0:0:0:0:1 - - [30/八月/2023:18:48:57 +0800] "POST /order/orderFood HTTP/1.1" 200 10 248
