2023-08-30 18:30:57.056  INFO [,,] 24340 --- [main] com.yc.IndexApplication                  : Starting IndexApplication using Java 1.8.0_202 on 小谢滴laptop with PID 24340 (D:\yuanchen\aThree_javaSpring\springcloud\res125_cloud\res-web\target\classes started by LENOVO in D:\yuanchen\aThree_javaSpring\springcloud\res125_cloud)
2023-08-30 18:30:57.061  INFO [,,] 24340 --- [main] com.yc.IndexApplication                  : No active profile set, falling back to 1 default profile: "default"
2023-08-30 18:30:57.618  INFO [,,] 24340 --- [main] o.s.cloud.context.scope.GenericScope     : BeanFactory id=1a9779df-90c9-3af4-847e-fe3ce9923b73
2023-08-30 18:30:58.046  INFO [,,] 24340 --- [main] o.s.b.w.embedded.tomcat.TomcatWebServer  : Tomcat initialized with port(s): 7777 (http)
2023-08-30 18:30:58.054  INFO [,,] 24340 --- [main] o.apache.catalina.core.StandardService   : Starting service [Tomcat]
2023-08-30 18:30:58.054  INFO [,,] 24340 --- [main] org.apache.catalina.core.StandardEngine  : Starting Servlet engine: [Apache Tomcat/9.0.63]
2023-08-30 18:30:58.180  INFO [,,] 24340 --- [main] o.a.c.c.C.[Tomcat].[localhost].[/]       : Initializing Spring embedded WebApplicationContext
2023-08-30 18:30:58.182  INFO [,,] 24340 --- [main] w.s.c.ServletWebServerApplicationContext : Root WebApplicationContext: initialization completed in 1093 ms
2023-08-30 18:30:58.426  WARN [,,] 24340 --- [pool-2-thread-1] o.s.c.s.a.z.ZipkinAutoConfiguration      : Check result of the [RestTemplateSender{http://localhost:9411/api/v2/spans}] contains an error [CheckResult{ok=false, error=org.springframework.web.client.HttpClientErrorException$BadRequest: 400 Bad Request: "Empty JSON_V2 message"}]
2023-08-30 18:30:59.795  INFO [,,] 24340 --- [main] o.s.b.a.w.s.WelcomePageHandlerMapping    : Adding welcome page: class path resource [static/index.html]
2023-08-30 18:31:05.232  INFO [,,] 24340 --- [main] o.s.b.w.embedded.tomcat.TomcatWebServer  : Tomcat started on port(s): 7777 (http) with context path ''
2023-08-30 18:31:08.060  INFO [,,] 24340 --- [main] com.yc.IndexApplication                  : Started IndexApplication in 14.556 seconds (JVM running for 16.619)
2023-08-30 18:32:50.190  INFO [,5752637b3924b7c9,5752637b3924b7c9] 24340 --- [http-nio-7777-exec-1] o.a.c.c.C.[Tomcat].[localhost].[/]       : Initializing Spring DispatcherServlet 'dispatcherServlet'
2023-08-30 18:32:50.190  INFO [,5752637b3924b7c9,5752637b3924b7c9] 24340 --- [http-nio-7777-exec-1] o.s.web.servlet.DispatcherServlet        : Initializing Servlet 'dispatcherServlet'
2023-08-30 18:32:50.193  INFO [,5752637b3924b7c9,5752637b3924b7c9] 24340 --- [http-nio-7777-exec-1] o.s.web.servlet.DispatcherServlet        : Completed initialization in 3 ms
2023-08-30 18:35:26.360  INFO [,,] 24340 --- [Thread-9] o.s.c.s.a.z.ZipkinAutoConfiguration      : Flushing remaining spans on shutdown
2023-08-30 18:35:56.968  INFO [,,] 1940 --- [main] com.yc.IndexApplication                  : Starting IndexApplication using Java 1.8.0_202 on 小谢滴laptop with PID 1940 (D:\yuanchen\aThree_javaSpring\springcloud\res125_cloud\res-web\target\classes started by LENOVO in D:\yuanchen\aThree_javaSpring\springcloud\res125_cloud)
2023-08-30 18:35:56.979  INFO [,,] 1940 --- [main] com.yc.IndexApplication                  : No active profile set, falling back to 1 default profile: "default"
2023-08-30 18:35:59.001  INFO [,,] 1940 --- [main] o.s.cloud.context.scope.GenericScope     : BeanFactory id=1a9779df-90c9-3af4-847e-fe3ce9923b73
2023-08-30 18:36:00.419  INFO [,,] 1940 --- [main] o.s.b.w.embedded.tomcat.TomcatWebServer  : Tomcat initialized with port(s): 7777 (http)
2023-08-30 18:36:00.444  INFO [,,] 1940 --- [main] o.apache.catalina.core.StandardService   : Starting service [Tomcat]
2023-08-30 18:36:00.445  INFO [,,] 1940 --- [main] org.apache.catalina.core.StandardEngine  : Starting Servlet engine: [Apache Tomcat/9.0.63]
2023-08-30 18:36:01.044  INFO [,,] 1940 --- [main] o.a.c.c.C.[Tomcat].[localhost].[/]       : Initializing Spring embedded WebApplicationContext
2023-08-30 18:36:01.045  INFO [,,] 1940 --- [main] w.s.c.ServletWebServerApplicationContext : Root WebApplicationContext: initialization completed in 3946 ms
2023-08-30 18:36:01.962  WARN [,,] 1940 --- [pool-1-thread-1] o.s.c.s.a.z.ZipkinAutoConfiguration      : Check result of the [RestTemplateSender{http://localhost:9411/api/v2/spans}] contains an error [CheckResult{ok=false, error=org.springframework.web.client.HttpClientErrorException$BadRequest: 400 Bad Request: "Empty JSON_V2 message"}]
2023-08-30 18:36:07.755  INFO [,,] 1940 --- [main] o.s.b.a.w.s.WelcomePageHandlerMapping    : Adding welcome page: class path resource [static/index.html]
2023-08-30 18:36:22.608  INFO [,,] 1940 --- [main] o.s.b.w.embedded.tomcat.TomcatWebServer  : Tomcat started on port(s): 7777 (http) with context path ''
2023-08-30 18:36:27.768  INFO [,,] 1940 --- [main] com.yc.IndexApplication                  : Started IndexApplication in 36.697 seconds (JVM running for 42.412)
2023-08-30 18:36:34.180  INFO [,80600a72489f1a47,80600a72489f1a47] 1940 --- [http-nio-7777-exec-1] o.a.c.c.C.[Tomcat].[localhost].[/]       : Initializing Spring DispatcherServlet 'dispatcherServlet'
2023-08-30 18:36:34.181  INFO [,80600a72489f1a47,80600a72489f1a47] 1940 --- [http-nio-7777-exec-1] o.s.web.servlet.DispatcherServlet        : Initializing Servlet 'dispatcherServlet'
2023-08-30 18:36:34.187  INFO [,80600a72489f1a47,80600a72489f1a47] 1940 --- [http-nio-7777-exec-1] o.s.web.servlet.DispatcherServlet        : Completed initialization in 5 ms
2023-08-30 18:40:16.840  INFO [,,] 1940 --- [Thread-18] o.s.c.s.a.z.ZipkinAutoConfiguration      : Flushing remaining spans on shutdown
2023-08-30 18:40:40.452  INFO [,,] 8260 --- [main] com.yc.IndexApplication                  : Starting IndexApplication using Java 1.8.0_202 on 小谢滴laptop with PID 8260 (D:\yuanchen\aThree_javaSpring\springcloud\res125_cloud\res-web\target\classes started by LENOVO in D:\yuanchen\aThree_javaSpring\springcloud\res125_cloud)
2023-08-30 18:40:40.462  INFO [,,] 8260 --- [main] com.yc.IndexApplication                  : No active profile set, falling back to 1 default profile: "default"
2023-08-30 18:40:42.403  INFO [,,] 8260 --- [main] o.s.cloud.context.scope.GenericScope     : BeanFactory id=1a9779df-90c9-3af4-847e-fe3ce9923b73
2023-08-30 18:40:43.720  INFO [,,] 8260 --- [main] o.s.b.w.embedded.tomcat.TomcatWebServer  : Tomcat initialized with port(s): 7777 (http)
2023-08-30 18:40:43.745  INFO [,,] 8260 --- [main] o.apache.catalina.core.StandardService   : Starting service [Tomcat]
2023-08-30 18:40:43.746  INFO [,,] 8260 --- [main] org.apache.catalina.core.StandardEngine  : Starting Servlet engine: [Apache Tomcat/9.0.63]
2023-08-30 18:40:44.293  INFO [,,] 8260 --- [main] o.a.c.c.C.[Tomcat].[localhost].[/]       : Initializing Spring embedded WebApplicationContext
2023-08-30 18:40:44.294  INFO [,,] 8260 --- [main] w.s.c.ServletWebServerApplicationContext : Root WebApplicationContext: initialization completed in 3715 ms
2023-08-30 18:40:45.046  WARN [,,] 8260 --- [pool-1-thread-1] o.s.c.s.a.z.ZipkinAutoConfiguration      : Check result of the [RestTemplateSender{http://localhost:9411/api/v2/spans}] contains an error [CheckResult{ok=false, error=org.springframework.web.client.HttpClientErrorException$BadRequest: 400 Bad Request: "Empty JSON_V2 message"}]
2023-08-30 18:40:48.519  INFO [,,] 8260 --- [main] o.s.b.a.w.s.WelcomePageHandlerMapping    : Adding welcome page: class path resource [static/index.html]
2023-08-30 18:40:57.563  INFO [,,] 8260 --- [main] o.s.b.w.embedded.tomcat.TomcatWebServer  : Tomcat started on port(s): 7777 (http) with context path ''
2023-08-30 18:41:01.753  INFO [,,] 8260 --- [main] com.yc.IndexApplication                  : Started IndexApplication in 27.678 seconds (JVM running for 33.725)
2023-08-30 18:41:07.921  INFO [,f15522c32ec925df,f15522c32ec925df] 8260 --- [http-nio-7777-exec-1] o.a.c.c.C.[Tomcat].[localhost].[/]       : Initializing Spring DispatcherServlet 'dispatcherServlet'
2023-08-30 18:41:07.922  INFO [,f15522c32ec925df,f15522c32ec925df] 8260 --- [http-nio-7777-exec-1] o.s.web.servlet.DispatcherServlet        : Initializing Servlet 'dispatcherServlet'
2023-08-30 18:41:07.925  INFO [,f15522c32ec925df,f15522c32ec925df] 8260 --- [http-nio-7777-exec-1] o.s.web.servlet.DispatcherServlet        : Completed initialization in 2 ms
2023-08-30 18:42:25.314  INFO [,,] 8260 --- [Thread-17] o.s.c.s.a.z.ZipkinAutoConfiguration      : Flushing remaining spans on shutdown
2023-08-30 18:42:46.219  INFO [,,] 25192 --- [main] com.yc.IndexApplication                  : Starting IndexApplication using Java 1.8.0_202 on 小谢滴laptop with PID 25192 (D:\yuanchen\aThree_javaSpring\springcloud\res125_cloud\res-web\target\classes started by LENOVO in D:\yuanchen\aThree_javaSpring\springcloud\res125_cloud)
2023-08-30 18:42:46.229  INFO [,,] 25192 --- [main] com.yc.IndexApplication                  : No active profile set, falling back to 1 default profile: "default"
2023-08-30 18:42:48.197  INFO [,,] 25192 --- [main] o.s.cloud.context.scope.GenericScope     : BeanFactory id=1a9779df-90c9-3af4-847e-fe3ce9923b73
2023-08-30 18:42:49.517  INFO [,,] 25192 --- [main] o.s.b.w.embedded.tomcat.TomcatWebServer  : Tomcat initialized with port(s): 7777 (http)
2023-08-30 18:42:49.536  INFO [,,] 25192 --- [main] o.apache.catalina.core.StandardService   : Starting service [Tomcat]
2023-08-30 18:42:49.537  INFO [,,] 25192 --- [main] org.apache.catalina.core.StandardEngine  : Starting Servlet engine: [Apache Tomcat/9.0.63]
2023-08-30 18:42:49.988  INFO [,,] 25192 --- [main] o.a.c.c.C.[Tomcat].[localhost].[/]       : Initializing Spring embedded WebApplicationContext
2023-08-30 18:42:49.989  INFO [,,] 25192 --- [main] w.s.c.ServletWebServerApplicationContext : Root WebApplicationContext: initialization completed in 3638 ms
2023-08-30 18:42:50.707  WARN [,,] 25192 --- [pool-1-thread-1] o.s.c.s.a.z.ZipkinAutoConfiguration      : Check result of the [RestTemplateSender{http://localhost:9411/api/v2/spans}] contains an error [CheckResult{ok=false, error=org.springframework.web.client.HttpClientErrorException$BadRequest: 400 Bad Request: "Empty JSON_V2 message"}]
2023-08-30 18:42:54.389  INFO [,,] 25192 --- [main] o.s.b.a.w.s.WelcomePageHandlerMapping    : Adding welcome page: class path resource [static/index.html]
2023-08-30 18:43:04.073  INFO [,,] 25192 --- [main] o.s.b.w.embedded.tomcat.TomcatWebServer  : Tomcat started on port(s): 7777 (http) with context path ''
2023-08-30 18:43:08.631  INFO [,,] 25192 --- [main] com.yc.IndexApplication                  : Started IndexApplication in 28.261 seconds (JVM running for 34.157)
2023-08-30 18:43:16.607  INFO [,ca88881ba967e94c,ca88881ba967e94c] 25192 --- [http-nio-7777-exec-1] o.a.c.c.C.[Tomcat].[localhost].[/]       : Initializing Spring DispatcherServlet 'dispatcherServlet'
2023-08-30 18:43:16.608  INFO [,ca88881ba967e94c,ca88881ba967e94c] 25192 --- [http-nio-7777-exec-1] o.s.web.servlet.DispatcherServlet        : Initializing Servlet 'dispatcherServlet'
2023-08-30 18:43:16.613  INFO [,ca88881ba967e94c,ca88881ba967e94c] 25192 --- [http-nio-7777-exec-1] o.s.web.servlet.DispatcherServlet        : Completed initialization in 3 ms
2023-08-30 19:34:24.037  INFO [,,] 25192 --- [Thread-17] o.s.c.s.a.z.ZipkinAutoConfiguration      : Flushing remaining spans on shutdown
